c:\users\daan\source\repos\uos_c_programming\uos_c_programming\debug\vc141.pdb
c:\users\daan\source\repos\uos_c_programming\uos_c_programming\debug\vc141.idb
c:\users\daan\source\repos\uos_c_programming\uos_c_programming\debug\labassignment1.obj
c:\users\daan\source\repos\uos_c_programming\uos_c_programming\debug\day1cpp.obj
c:\users\daan\source\repos\uos_c_programming\uos_c_programming\debug\lab_assignment_2.obj
c:\users\daan\source\repos\uos_c_programming\uos_c_programming\debug\exercises.obj
c:\users\daan\source\repos\uos_c_programming\uos_c_programming\debug\lab_assignment_1.obj
c:\users\daan\source\repos\uos_c_programming\uos_c_programming\debug\lab_2.obj
c:\users\daan\source\repos\uos_c_programming\uos_c_programming\debug\lab_1.obj
c:\users\daan\source\repos\uos_c_programming\uos_c_programming\debug\main.obj
c:\users\daan\source\repos\uos_c_programming\uos_c_programming\debug\lab_3.obj
c:\users\daan\source\repos\uos_c_programming\uos_c_programming\debug\lab_5.obj
c:\users\daan\source\repos\uos_c_programming\uos_c_programming\debug\lab_7.obj
c:\users\daan\source\repos\uos_c_programming\uos_c_programming\debug\lab_6.obj
c:\users\daan\source\repos\uos_c_programming\uos_c_programming\debug\lab_3.sbr
c:\users\daan\source\repos\uos_c_programming\uos_c_programming\debug\lab_4.sbr
c:\users\daan\source\repos\uos_c_programming\uos_c_programming\debug\lab_5.sbr
c:\users\daan\source\repos\uos_c_programming\uos_c_programming\debug\lab_6.sbr
c:\users\daan\source\repos\uos_c_programming\uos_c_programming\debug\lab_7.sbr
c:\users\daan\source\repos\uos_c_programming\uos_c_programming\debug\main.sbr
c:\users\daan\source\repos\uos_c_programming\uos_c_programming\debug\lab_1.sbr
c:\users\daan\source\repos\uos_c_programming\uos_c_programming\debug\lab_2.sbr
c:\users\daan\source\repos\uos_c_programming\uos_c_programming\debug\lab_4.obj
c:\users\daan\source\repos\uos_c_programming\debug\uos_c_programming.exe
c:\users\daan\source\repos\uos_c_programming\debug\uos_c_programming.ilk
c:\users\daan\source\repos\uos_c_programming\debug\uos_c_programming.pdb
c:\users\daan\source\repos\uos_c_programming\debug\uos_c_programming.bsc
c:\users\daan\source\repos\uos_c_programming\uos_c_programming\debug\uos_c_pr.3c1182d8.tlog\bscmake.command.1.tlog
c:\users\daan\source\repos\uos_c_programming\uos_c_programming\debug\uos_c_pr.3c1182d8.tlog\bscmake.read.1.tlog
c:\users\daan\source\repos\uos_c_programming\uos_c_programming\debug\uos_c_pr.3c1182d8.tlog\cl.command.1.tlog
c:\users\daan\source\repos\uos_c_programming\uos_c_programming\debug\uos_c_pr.3c1182d8.tlog\cl.read.1.tlog
c:\users\daan\source\repos\uos_c_programming\uos_c_programming\debug\uos_c_pr.3c1182d8.tlog\cl.write.1.tlog
c:\users\daan\source\repos\uos_c_programming\uos_c_programming\debug\uos_c_pr.3c1182d8.tlog\link.command.1.tlog
c:\users\daan\source\repos\uos_c_programming\uos_c_programming\debug\uos_c_pr.3c1182d8.tlog\link.read.1.tlog
c:\users\daan\source\repos\uos_c_programming\uos_c_programming\debug\uos_c_pr.3c1182d8.tlog\link.write.1.tlog
